<?xml version="1.0" encoding="UTF-8"?>
<!-- Generated by org.testng.reporters.JUnitReportReporter -->
<testsuite hostname="vamshi-PC" name="com.PrimusBank.Tests.BankerDDTtest" tests="1" failures="0" timestamp="14 Feb 2017 04:29:17 GMT" time="71.043" errors="0">
  <testcase name="bankerLogIntest" time="71.043" classname="com.PrimusBank.Tests.BankerDDTtest"/>
</testsuite> <!-- com.PrimusBank.Tests.BankerDDTtest -->
