<?xml version="1.0" encoding="UTF-8"?>
<!-- Generated by org.testng.reporters.JUnitReportReporter -->
<testsuite name="com.PrimusBank.Tests.BankerLoginTest" tests="1" time="0.000" ignored="4" failures="0" timestamp="25 Feb 2017 11:50:56 GMT" skipped="1" hostname="vamshi-PC" errors="0">
  <testcase name="bankerLoginTest" time="0.000" classname="com.PrimusBank.Tests.BankerLoginTest">
    <skipped/>
  </testcase> <!-- bankerLoginTest -->
  <testcase name="closeApp" classname="com.PrimusBank.PrimusBankConstants.PrimusBankConstants">
    <skipped/>
  </testcase> <!-- closeApp -->
  <testcase name="closeApp" classname="com.PrimusBank.PrimusBankConstants.PrimusBankConstants">
    <skipped/>
  </testcase> <!-- closeApp -->
  <testcase name="launchApp" classname="com.PrimusBank.PrimusBankConstants.PrimusBankConstants">
    <skipped/>
  </testcase> <!-- launchApp -->
  <testcase name="launchApp" classname="com.PrimusBank.PrimusBankConstants.PrimusBankConstants">
    <skipped/>
  </testcase> <!-- launchApp -->
</testsuite> <!-- com.PrimusBank.Tests.BankerLoginTest -->
