<?xml version="1.0" encoding="UTF-8"?>
<!-- Generated by org.testng.reporters.JUnitReportReporter -->
<testsuite name="com.PrimusBank.Tests.CreateBranchTest" tests="1" time="17.966" ignored="6" failures="0" timestamp="25 Feb 2017 11:40:06 GMT" skipped="0" hostname="vamshi-PC" errors="0">
  <testcase name="branchTest" time="17.966" classname="com.PrimusBank.Tests.CreateBranchTest"/>
  <testcase name="closeApp" classname="com.PrimusBank.PrimusBankConstants.PrimusBankConstants">
    <skipped/>
  </testcase> <!-- closeApp -->
  <testcase name="closeApp" classname="com.PrimusBank.PrimusBankConstants.PrimusBankConstants">
    <skipped/>
  </testcase> <!-- closeApp -->
  <testcase name="closeApp" classname="com.PrimusBank.PrimusBankConstants.PrimusBankConstants">
    <skipped/>
  </testcase> <!-- closeApp -->
  <testcase name="launchApp" classname="com.PrimusBank.PrimusBankConstants.PrimusBankConstants">
    <skipped/>
  </testcase> <!-- launchApp -->
  <testcase name="launchApp" classname="com.PrimusBank.PrimusBankConstants.PrimusBankConstants">
    <skipped/>
  </testcase> <!-- launchApp -->
  <testcase name="launchApp" classname="com.PrimusBank.PrimusBankConstants.PrimusBankConstants">
    <skipped/>
  </testcase> <!-- launchApp -->
</testsuite> <!-- com.PrimusBank.Tests.CreateBranchTest -->
